{"E:\\Programming\\Project (Combined)\\SRIN\\srin-test-fe\\src\\components\\content\\InputWithTitle.tsx": {"path":"E:\\Programming\\Project (Combined)\\SRIN\\srin-test-fe\\src\\components\\content\\InputWithTitle.tsx","statementMap":{"0":{"start":{"line":2,"column":17},"end":{"line":2,"column":27}},"1":{"start":{"line":9,"column":2},"end":{"line":14,"column":4}}},"fnMap":{"0":{"name":"InputWithTitle","decl":{"start":{"line":8,"column":9},"end":{"line":8,"column":23}},"loc":{"start":{"line":8,"column":66},"end":{"line":15,"column":1}},"line":8}},"branchMap":{},"s":{"0":1,"1":0},"f":{"0":0},"b":{},"_coverageSchema":"1a1c01bbd47fc00a2c39e90264f33305004495a9","hash":"c479ce6de36b9113853a8fb820cb46c4342ae8d9"}
,"E:\\Programming\\Project (Combined)\\SRIN\\srin-test-fe\\src\\components\\content\\TextWithDesc.tsx": {"path":"E:\\Programming\\Project (Combined)\\SRIN\\srin-test-fe\\src\\components\\content\\TextWithDesc.tsx","statementMap":{"0":{"start":{"line":2,"column":24},"end":{"line":2,"column":34}},"1":{"start":{"line":10,"column":24},"end":{"line":10,"column":65}},"2":{"start":{"line":11,"column":2},"end":{"line":16,"column":4}}},"fnMap":{"0":{"name":"TextWithDesc","decl":{"start":{"line":9,"column":9},"end":{"line":9,"column":21}},"loc":{"start":{"line":9,"column":58},"end":{"line":17,"column":1}},"line":9}},"branchMap":{"0":{"loc":{"start":{"line":10,"column":24},"end":{"line":10,"column":65}},"type":"cond-expr","locations":[{"start":{"line":10,"column":55},"end":{"line":10,"column":58}},{"start":{"line":10,"column":61},"end":{"line":10,"column":65}}],"line":10},"1":{"loc":{"start":{"line":10,"column":24},"end":{"line":10,"column":52}},"type":"binary-expr","locations":[{"start":{"line":10,"column":24},"end":{"line":10,"column":37}},{"start":{"line":10,"column":41},"end":{"line":10,"column":52}}],"line":10}},"s":{"0":1,"1":3,"2":3},"f":{"0":3},"b":{"0":[1,2],"1":[3,3]},"_coverageSchema":"1a1c01bbd47fc00a2c39e90264f33305004495a9","hash":"bdbc335a79da8f4751d815f8f1eab19fc683a7d9"}
,"E:\\Programming\\Project (Combined)\\SRIN\\srin-test-fe\\src\\components\\content\\index.ts": {"path":"E:\\Programming\\Project (Combined)\\SRIN\\srin-test-fe\\src\\components\\content\\index.ts","statementMap":{},"fnMap":{},"branchMap":{},"s":{},"f":{},"b":{},"_coverageSchema":"1a1c01bbd47fc00a2c39e90264f33305004495a9","hash":"132e909fb1642da4a20e428e158f3a3fddb3a87e"}
}
